<?xml version="1.0" encoding="UTF-8"?>
<testng-results skipped="0" failed="0" ignored="0" total="1" passed="1">
  <reporter-output>
  </reporter-output>
  <suite name="Default suite" duration-ms="8323" started-at="2019-03-18T12:56:16Z" finished-at="2019-03-18T12:56:24Z">
    <groups>
    </groups>
    <test name="Default test" duration-ms="8323" started-at="2019-03-18T12:56:16Z" finished-at="2019-03-18T12:56:24Z">
      <class name="seleniumgrid.seleniumgrid.Sgrid">
        <test-method status="PASS" signature="setup()[pri:0, instance:seleniumgrid.seleniumgrid.Sgrid@7d9d1a19]" name="setup" is-config="true" duration-ms="4455" started-at="2019-03-18T12:56:16Z" finished-at="2019-03-18T12:56:21Z">
          <reporter-output>
          </reporter-output>
        </test-method> <!-- setup -->
        <test-method status="PASS" signature="simpleTest()[pri:0, instance:seleniumgrid.seleniumgrid.Sgrid@7d9d1a19]" name="simpleTest" duration-ms="3772" started-at="2019-03-18T12:56:21Z" finished-at="2019-03-18T12:56:24Z">
          <reporter-output>
          </reporter-output>
        </test-method> <!-- simpleTest -->
        <test-method status="PASS" signature="aftertest()[pri:0, instance:seleniumgrid.seleniumgrid.Sgrid@7d9d1a19]" name="aftertest" is-config="true" duration-ms="81" started-at="2019-03-18T12:56:24Z" finished-at="2019-03-18T12:56:24Z">
          <reporter-output>
          </reporter-output>
        </test-method> <!-- aftertest -->
      </class> <!-- seleniumgrid.seleniumgrid.Sgrid -->
    </test> <!-- Default test -->
  </suite> <!-- Default suite -->
</testng-results>
